<?xml version="1.0" encoding="UTF-8"?>
<!-- Generated by org.testng.reporters.JUnitReportReporter -->
<testsuite hostname="HQ-11393H840G5" failures="0" tests="1" name="com.runners.RunnerForSaleforceLogin" time="13.001" errors="0" timestamp="2023-03-03T17:21:01 PST" skipped="0">
  <testcase classname="com.runners.RunnerForSaleforceLogin" name="runScenario" time="13.001"/>
  <system-out/>
</testsuite> <!-- com.runners.RunnerForSaleforceLogin -->
