<?xml version="1.0" encoding="UTF-8"?>
<!-- Generated by org.testng.reporters.JUnitReportReporter -->
<testsuite hostname="HQ-11393H840G5" failures="0" tests="1" name="com.jan23.pages.tests.SaleforceLoginWithPOM" time="14.801" errors="0" timestamp="2023-02-20T20:24:51 PST" skipped="0">
  <testcase classname="com.jan23.pages.tests.SaleforceLoginWithPOM" name="Login_Script" time="14.801"/>
  <system-out/>
</testsuite> <!-- com.jan23.pages.tests.SaleforceLoginWithPOM -->
