<?xml version="1.0" encoding="UTF-8"?>
<!-- Generated by org.testng.reporters.JUnitReportReporter -->
<testsuite hostname="HQ-11393H840G5" failures="0" tests="1" name="com.jan23.pages.tests.FileTesting" time="0.010" errors="0" timestamp="2023-03-01T15:29:50 PST" skipped="0">
  <testcase classname="com.jan23.pages.tests.FileTesting" name="saleforceapplication" time="0.010"/>
  <system-out/>
</testsuite> <!-- com.jan23.pages.tests.FileTesting -->
